#
# There is insufficient memory for the Java Runtime Environment to continue.
# Native memory allocation (malloc) failed to allocate 1048576 bytes for AllocateHeap
# Possible reasons:
#   The system is out of physical RAM or swap space
#   In 32 bit mode, the process size limit was hit
# Possible solutions:
#   Reduce memory load on the system
#   Increase physical memory or swap space
#   Check if swap backing store is full
#   Use 64 bit Java on a 64 bit OS
#   Decrease Java heap size (-Xmx/-Xms)
#   Decrease number of Java threads
#   Decrease Java thread stack sizes (-Xss)
#   Set larger code cache with -XX:ReservedCodeCacheSize=
# This output file may be truncated or incomplete.
#
#  Out of Memory Error (memory/allocation.inline.hpp:61), pid=13180, tid=0x0000000000003b28
#
# JRE version:  (8.0) (build )
# Java VM: OpenJDK 64-Bit Server VM (25.71-b00 mixed mode windows-amd64 compressed oops)
# Failed to write core dump. Minidumps are not enabled by default on client versions of Windows
#

---------------  T H R E A D  ---------------

Current thread (0x0000000002f03000):  JavaThread "Unknown thread" [_thread_in_vm, id=15144, stack(0x0000000002d80000,0x0000000002e80000)]

Stack: [0x0000000002d80000,0x0000000002e80000]
[error occurred during error reporting (printing stack bounds), id 0xc0000005]

Native frames: (J=compiled Java code, j=interpreted, Vv=VM code, C=native code)


---------------  P R O C E S S  ---------------

Java Threads: ( => current thread )

Other Threads:

=>0x0000000002f03000 (exited) JavaThread "Unknown thread" [_thread_in_vm, id=15144, stack(0x0000000002d80000,0x0000000002e80000)]

VM state:not at safepoint (normal execution)

VM Mutex/Monitor currently owned by a thread: None

Heap:
 PSYoungGen      total 37888K, used 655K [0x00000000d6200000, 0x00000000d8c00000, 0x0000000100000000)
  eden space 32768K, 2% used [0x00000000d6200000,0x00000000d62a3d80,0x00000000d8200000)
  from space 5120K, 0% used [0x00000000d8700000,0x00000000d8700000,0x00000000d8c00000)
  to   space 5120K, 0% used [0x00000000d8200000,0x00000000d8200000,0x00000000d8700000)
 ParOldGen       total 86016K, used 0K [0x0000000082600000, 0x0000000087a00000, 0x00000000d6200000)
  object space 86016K, 0% used [0x0000000082600000,0x0000000082600000,0x0000000087a00000)
 Metaspace       used 777K, capacity 4480K, committed 4480K, reserved 1056768K
  class space    used 74K, capacity 384K, committed 384K, reserved 1048576K

Card table byte_map: [0x00000000123c0000,0x00000000127b0000] byte_map_base: 0x0000000011fad000

Marking Bits: (ParMarkBitMap*) 0x00000000607abe50
 Begin Bits: [0x0000000013450000, 0x00000000153b8000)
 End Bits:   [0x00000000153b8000, 0x0000000017320000)

Polling page: 0x0000000001050000

CodeCache: size=245760Kb used=328Kb max_used=328Kb free=245431Kb
 bounds [0x0000000003000000, 0x0000000003270000, 0x0000000012000000]
 total_blobs=57 nmethods=0 adapters=38
 compilation: enabled

Compilation events (0 events):
No events

GC Heap History (0 events):
No events

Deoptimization events (0 events):
No events

Classes redefined (0 events):
No events

Internal exceptions (0 events):
No events

Events (10 events):
Event: 0.082 loading class java/lang/Short
Event: 0.082 loading class java/lang/Short done
Event: 0.082 loading class java/lang/Integer
Event: 0.083 loading class java/lang/Integer done
Event: 0.083 loading class java/lang/Long
Event: 0.083 loading class java/lang/Long done
Event: 0.085 loading class java/lang/NullPointerException
Event: 0.085 loading class java/lang/NullPointerException done
Event: 0.085 loading class java/lang/ArithmeticException
Event: 0.086 loading class java/lang/ArithmeticException done


Dynamic libraries:
0x00007ff694b40000 - 0x00007ff694b75000 	C:\Program Files\Unity\Hub\Editor\2020.3.14f1\Editor\Data\PlaybackEngines\AndroidPlayer\OpenJDK\bin\java.exe
0x00007ffd95b90000 - 0x00007ffd95d85000 	C:\Windows\SYSTEM32\ntdll.dll
0x00007ffd94860000 - 0x00007ffd9491e000 	C:\Windows\System32\KERNEL32.DLL
0x00007ffd932b0000 - 0x00007ffd93579000 	C:\Windows\System32\KERNELBASE.dll
0x00007ffd95490000 - 0x00007ffd9553c000 	C:\Windows\System32\ADVAPI32.dll
0x00007ffd947c0000 - 0x00007ffd9485e000 	C:\Windows\System32\msvcrt.dll
0x00007ffd94060000 - 0x00007ffd940fb000 	C:\Windows\System32\sechost.dll
0x00007ffd95640000 - 0x00007ffd9576a000 	C:\Windows\System32\RPCRT4.dll
0x00007ffd95890000 - 0x00007ffd95a31000 	C:\Windows\System32\USER32.dll
0x00007ffd93a60000 - 0x00007ffd93a82000 	C:\Windows\System32\win32u.dll
0x00007ffd95b20000 - 0x00007ffd95b4b000 	C:\Windows\System32\GDI32.dll
0x00007ffd93580000 - 0x00007ffd9368b000 	C:\Windows\System32\gdi32full.dll
0x00007ffd93a90000 - 0x00007ffd93b2d000 	C:\Windows\System32\msvcp_win.dll
0x00007ffd93690000 - 0x00007ffd93790000 	C:\Windows\System32\ucrtbase.dll
0x00007ffd7e210000 - 0x00007ffd7e4aa000 	C:\Windows\WinSxS\amd64_microsoft.windows.common-controls_6595b64144ccf1df_6.0.19041.1110_none_60b5254171f9507e\COMCTL32.dll
0x00007ffd95610000 - 0x00007ffd95640000 	C:\Windows\System32\IMM32.DLL
0x0000000060830000 - 0x0000000060902000 	C:\Program Files\Unity\Hub\Editor\2020.3.14f1\Editor\Data\PlaybackEngines\AndroidPlayer\OpenJDK\jre\bin\msvcr100.dll
0x000000005ffe0000 - 0x0000000060829000 	C:\Program Files\Unity\Hub\Editor\2020.3.14f1\Editor\Data\PlaybackEngines\AndroidPlayer\OpenJDK\jre\bin\server\jvm.dll
0x00007ffd94440000 - 0x00007ffd94448000 	C:\Windows\System32\PSAPI.DLL
0x00007ffd8d550000 - 0x00007ffd8d559000 	C:\Windows\SYSTEM32\WSOCK32.dll
0x00007ffd7e0f0000 - 0x00007ffd7e117000 	C:\Windows\SYSTEM32\WINMM.dll
0x00007ffd95540000 - 0x00007ffd955ab000 	C:\Windows\System32\WS2_32.dll
0x00007ffd8d530000 - 0x00007ffd8d53a000 	C:\Windows\SYSTEM32\VERSION.dll
0x00007ffd87780000 - 0x00007ffd8778f000 	C:\Program Files\Unity\Hub\Editor\2020.3.14f1\Editor\Data\PlaybackEngines\AndroidPlayer\OpenJDK\jre\bin\verify.dll
0x00007ffd7d880000 - 0x00007ffd7d8a9000 	C:\Program Files\Unity\Hub\Editor\2020.3.14f1\Editor\Data\PlaybackEngines\AndroidPlayer\OpenJDK\jre\bin\java.dll
0x00007ffd86b90000 - 0x00007ffd86ba6000 	C:\Program Files\Unity\Hub\Editor\2020.3.14f1\Editor\Data\PlaybackEngines\AndroidPlayer\OpenJDK\jre\bin\zip.dll

VM Arguments:
java_command: org.gradle.launcher.GradleMain -Dorg.gradle.jvmargs=-Xmx4096m
java_class_path (initial): C:\Program Files\Unity\Hub\Editor\2018.4.36f1\Editor\Data\PlaybackEngines\AndroidPlayer\Tools\gradle\lib\gradle-launcher-4.6.jar
Launcher Type: SUN_STANDARD

Environment Variables:
JAVA_HOME=C:\Program Files\Unity\Hub\Editor\2020.3.14f1\Editor\Data\PlaybackEngines\AndroidPlayer\OpenJDK
PATH=C:\Windows\system32;C:\Windows;C:\Windows\System32\Wbem;C:\Windows\System32\WindowsPowerShell\v1.0\;C:\Windows\System32\OpenSSH\;C:\Program Files\Microsoft VS Code\bin;C:\Program Files\Git\cmd;C:\xampp\php;C:\composer;C:\Program Files\nodejs\;C:\Program Files (x86)\Yarn\bin\;C:\Program Files\Go\bin;C:\Program Files\dotnet\;C:\Users\gumas\AppData\Local\Microsoft\WindowsApps;C:\Users\gumas\AppData\Roaming\Composer\vendor\bin;C:\Users\gumas\AppData\Roaming\npm;C:\Users\gumas\AppData\Local\Yarn\bin;C:\Users\gumas\go\bin;C:\Users\gumas\.dotnet\tools
USERNAME=gumas
OS=Windows_NT
PROCESSOR_IDENTIFIER=Intel64 Family 6 Model 158 Stepping 10, GenuineIntel



---------------  S Y S T E M  ---------------

OS: Windows 10.0 , 64 bit Build 19041 (10.0.19041.1202)

CPU:total 12 (initial active 12) (6 cores per cpu, 2 threads per core) family 6 model 158 stepping 10, cmov, cx8, fxsr, mmx, sse, sse2, sse3, ssse3, sse4.1, sse4.2, popcnt, avx, avx2, aes, clmul, erms, 3dnowpref, lzcnt, ht, tsc, tscinvbit, bmi1, bmi2, adx

Memory: 4k page, physical 8228240k(755808k free), swap 12324240k(18744k free)

vm_info: OpenJDK 64-Bit Server VM (25.71-b00) for windows-amd64 JRE (1.8.0-adoptopenjdk-_2018_05_19_00_59-b00), built on May 19 2018 01:02:12 by "jenkins" with MS VC++ 10.0 (VS2010)

time: Sun Oct 03 17:49:09 2021
elapsed time: 0 seconds (0d 0h 0m 0s)

